app/build/intermediates/manifest_merge_blame_file/autoDebug/processAutoDebugMainManifest/manifest-merger-blame-auto-debug-report.txt
1<?xml version="1.0" encoding="utf-8"?>
2<manifest xmlns:android="http://schemas.android.com/apk/res/android"
3    xmlns:dist="http://schemas.android.com/apk/distribution"
4    package="dev.lucasnlm.antimine"
5    android:installLocation="auto"
6    android:versionCode="1707001"
7    android:versionName="17.7.0 C" >
8
9    <uses-sdk
10        android:minSdkVersion="21"
11        android:targetSdkVersion="35" />
12
13    <supports-screens
13-->src\main\AndroidManifest.xml:7:5-13:40
14        android:anyDensity="true"
14-->src\main\AndroidManifest.xml:8:9-34
15        android:largeScreens="true"
15-->src\main\AndroidManifest.xml:9:9-36
16        android:normalScreens="true"
16-->src\main\AndroidManifest.xml:10:9-37
17        android:resizeable="true"
17-->src\main\AndroidManifest.xml:11:9-34
18        android:smallScreens="true"
18-->src\main\AndroidManifest.xml:12:9-36
19        android:xlargeScreens="true" />
19-->src\main\AndroidManifest.xml:13:9-37
20
21    <uses-permission android:name="android.permission.VIBRATE" />
21-->src\main\AndroidManifest.xml:19:5-66
21-->src\main\AndroidManifest.xml:19:22-63
22
23    <uses-feature
23-->src\main\AndroidManifest.xml:21:5-23:35
24        android:glEsVersion="0x00020000"
24-->src\main\AndroidManifest.xml:22:9-41
25        android:required="true" />
25-->src\main\AndroidManifest.xml:23:9-32
26    <uses-feature
26-->src\main\AndroidManifest.xml:25:5-27:36
27        android:name="android.hardware.touchscreen"
27-->src\main\AndroidManifest.xml:26:9-52
28        android:required="false" />
28-->src\main\AndroidManifest.xml:27:9-33
29    <uses-feature
29-->src\main\AndroidManifest.xml:29:5-31:36
30        android:name="android.hardware.faketouch"
30-->src\main\AndroidManifest.xml:30:9-50
31        android:required="false" />
31-->src\main\AndroidManifest.xml:31:9-33
32
33    <dist:module dist:instant="true" />
33-->src\main\AndroidManifest.xml:33:5-40
33-->src\main\AndroidManifest.xml:33:18-37
34
35    <uses-permission android:name="android.permission.INTERNET" />
35-->[:proprietary] AndroidManifest.xml:7:5-67
35-->[:proprietary] AndroidManifest.xml:7:22-64
36    <uses-permission android:name="android.permission.WAKE_LOCK" />
36-->[:proprietary] AndroidManifest.xml:8:5-68
36-->[:proprietary] AndroidManifest.xml:8:22-65
37    <uses-permission android:name="com.android.vending.BILLING" />
37-->[:proprietary] AndroidManifest.xml:9:5-67
37-->[:proprietary] AndroidManifest.xml:9:22-64
38    <uses-permission android:name="android.permission.ACCESS_NETWORK_STATE" />
38-->[:proprietary] AndroidManifest.xml:10:5-79
38-->[:proprietary] AndroidManifest.xml:10:22-76
39    <uses-permission android:name="com.google.android.gms.permission.AD_ID" />
39-->[:proprietary] AndroidManifest.xml:11:5-79
39-->[:proprietary] AndroidManifest.xml:11:22-76
40
41    <uses-feature
41-->[:auto] AndroidManifest.xml:7:5-9:35
42        android:name="android.hardware.type.automotive"
42-->[:auto] AndroidManifest.xml:8:9-56
43        android:required="true" />
43-->[:auto] AndroidManifest.xml:9:9-32
44    <uses-feature
44-->[:auto] AndroidManifest.xml:10:5-12:36
45        android:name="android.hardware.wifi"
45-->[:auto] AndroidManifest.xml:11:9-45
46        android:required="false" />
46-->[:auto] AndroidManifest.xml:12:9-33
47    <uses-feature
47-->[:auto] AndroidManifest.xml:13:5-15:36
48        android:name="android.hardware.screen.portrait"
48-->[:auto] AndroidManifest.xml:14:9-56
49        android:required="false" />
49-->[:auto] AndroidManifest.xml:15:9-33
50    <uses-feature
50-->[:auto] AndroidManifest.xml:16:5-18:36
51        android:name="android.hardware.screen.landscape"
51-->[:auto] AndroidManifest.xml:17:9-57
52        android:required="false" />
52-->[:auto] AndroidManifest.xml:18:9-33
53    <uses-feature
53-->[:auto] AndroidManifest.xml:19:5-21:36
54        android:name="android.hardware.gamepad"
54-->[:auto] AndroidManifest.xml:20:9-48
55        android:required="false" />
55-->[:auto] AndroidManifest.xml:21:9-33
56
57    <queries>
57-->[com.android.billingclient:billing:7.0.0] AndroidManifest.xml:12:5-16:15
58        <intent>
58-->[com.android.billingclient:billing:7.0.0] AndroidManifest.xml:13:9-15:18
59            <action android:name="com.android.vending.billing.InAppBillingService.BIND" />
59-->[com.android.billingclient:billing:7.0.0] AndroidManifest.xml:14:13-91
59-->[com.android.billingclient:billing:7.0.0] AndroidManifest.xml:14:21-88
60        </intent>
61        <!-- For browser content -->
62        <intent>
62-->[com.google.android.gms:play-services-ads-lite:23.2.0] AndroidManifest.xml:38:9-44:18
63            <action android:name="android.intent.action.VIEW" />
63-->src\main\AndroidManifest.xml:76:17-69
63-->src\main\AndroidManifest.xml:76:25-66
64
65            <category android:name="android.intent.category.BROWSABLE" />
65-->[com.google.android.gms:play-services-ads-lite:23.2.0] AndroidManifest.xml:41:13-74
65-->[com.google.android.gms:play-services-ads-lite:23.2.0] AndroidManifest.xml:41:23-71
66
67            <data android:scheme="https" />
67-->src\main\AndroidManifest.xml:78:17-81:49
67-->src\main\AndroidManifest.xml:79:21-41
68        </intent> <!-- End of browser content -->
69        <!-- For CustomTabsService -->
70        <intent>
70-->[com.google.android.gms:play-services-ads-lite:23.2.0] AndroidManifest.xml:47:9-49:18
71            <action android:name="android.support.customtabs.action.CustomTabsService" />
71-->[com.google.android.gms:play-services-ads-lite:23.2.0] AndroidManifest.xml:48:13-90
71-->[com.google.android.gms:play-services-ads-lite:23.2.0] AndroidManifest.xml:48:21-87
72        </intent>
73    </queries>
74
75    <uses-permission android:name="android.permission.ACCESS_ADSERVICES_AD_ID" />
75-->[com.google.android.gms:play-services-ads-lite:23.2.0] AndroidManifest.xml:27:5-82
75-->[com.google.android.gms:play-services-ads-lite:23.2.0] AndroidManifest.xml:27:22-79
76    <uses-permission android:name="android.permission.ACCESS_ADSERVICES_ATTRIBUTION" />
76-->[com.google.android.gms:play-services-ads-lite:23.2.0] AndroidManifest.xml:28:5-88
76-->[com.google.android.gms:play-services-ads-lite:23.2.0] AndroidManifest.xml:28:22-85
77    <uses-permission android:name="android.permission.ACCESS_ADSERVICES_TOPICS" />
77-->[com.google.android.gms:play-services-ads-lite:23.2.0] AndroidManifest.xml:29:5-83
77-->[com.google.android.gms:play-services-ads-lite:23.2.0] AndroidManifest.xml:29:22-80
78    <uses-permission android:name="android.permission.FOREGROUND_SERVICE" />
78-->[androidx.work:work-runtime:2.7.0] AndroidManifest.xml:28:5-77
78-->[androidx.work:work-runtime:2.7.0] AndroidManifest.xml:28:22-74
79
80    <permission
80-->[androidx.core:core:1.13.0] AndroidManifest.xml:22:5-24:47
81        android:name="dev.lucasnlm.antimine.DYNAMIC_RECEIVER_NOT_EXPORTED_PERMISSION"
81-->[androidx.core:core:1.13.0] AndroidManifest.xml:23:9-81
82        android:protectionLevel="signature" />
82-->[androidx.core:core:1.13.0] AndroidManifest.xml:24:9-44
83
84    <application
84-->src\main\AndroidManifest.xml:35:5-135:19
85        android:name="dev.lucasnlm.antimine.MainApplication"
85-->src\main\AndroidManifest.xml:36:9-61
86        android:allowBackup="true"
86-->src\main\AndroidManifest.xml:37:9-35
87        android:allowClearUserData="true"
87-->src\main\AndroidManifest.xml:38:9-42
88        android:appCategory="game"
88-->src\main\AndroidManifest.xml:45:9-35
89        android:appComponentFactory="androidx.core.app.CoreComponentFactory"
89-->[androidx.core:core:1.13.0] AndroidManifest.xml:28:18-86
90        android:dataExtractionRules="@xml/data_extraction_rules"
90-->src\main\AndroidManifest.xml:39:9-65
91        android:debuggable="true"
92        android:description="@string/app_description"
92-->src\main\AndroidManifest.xml:40:9-54
93        android:extractNativeLibs="true"
94        android:fullBackupContent="@xml/backup"
94-->src\main\AndroidManifest.xml:41:9-48
95        android:hardwareAccelerated="true"
95-->src\main\AndroidManifest.xml:42:9-43
96        android:icon="@mipmap/ic_launcher"
96-->src\main\AndroidManifest.xml:43:9-43
97        android:isGame="true"
97-->src\main\AndroidManifest.xml:44:9-30
98        android:label="@string/app_name"
98-->src\main\AndroidManifest.xml:46:9-41
99        android:localeConfig="@xml/locales_config"
99-->src\main\AndroidManifest.xml:47:9-51
100        android:roundIcon="@mipmap/ic_launcher_round"
100-->src\main\AndroidManifest.xml:48:9-54
101        android:supportsRtl="true"
101-->src\main\AndroidManifest.xml:49:9-35
102        android:testOnly="true"
103        android:theme="@style/AppTheme" >
103-->src\main\AndroidManifest.xml:50:9-40
104        <service
104-->src\main\AndroidManifest.xml:53:9-60:19
105            android:name="androidx.appcompat.app.AppLocalesMetadataHolderService"
105-->src\main\AndroidManifest.xml:54:13-82
106            android:enabled="false"
106-->src\main\AndroidManifest.xml:55:13-36
107            android:exported="false" >
107-->src\main\AndroidManifest.xml:56:13-37
108            <meta-data
108-->src\main\AndroidManifest.xml:57:13-59:40
109                android:name="autoStoreLocales"
109-->src\main\AndroidManifest.xml:58:17-48
110                android:value="true" />
110-->src\main\AndroidManifest.xml:59:17-37
111        </service>
112
113        <uses-library
113-->src\main\AndroidManifest.xml:62:9-64:40
114            android:name="org.apache.http.legacy"
114-->src\main\AndroidManifest.xml:63:13-50
115            android:required="false" />
115-->src\main\AndroidManifest.xml:64:13-37
116
117        <activity
117-->src\main\AndroidManifest.xml:66:9-83:20
118            android:name="dev.lucasnlm.antimine.GameActivity"
118-->src\main\AndroidManifest.xml:67:13-62
119            android:exported="true"
119-->src\main\AndroidManifest.xml:73:13-36
120            android:icon="@mipmap/ic_launcher"
120-->src\main\AndroidManifest.xml:68:13-47
121            android:launchMode="singleTask"
121-->src\main\AndroidManifest.xml:69:13-44
122            android:parentActivityName="dev.lucasnlm.antimine.main.MainActivity"
122-->src\main\AndroidManifest.xml:70:13-60
123            android:roundIcon="@mipmap/ic_launcher_round"
123-->src\main\AndroidManifest.xml:71:13-58
124            android:saveEnabled="false"
124-->src\main\AndroidManifest.xml:72:13-40
125            android:theme="@style/AppTheme" >
125-->src\main\AndroidManifest.xml:74:13-44
126            <intent-filter>
126-->src\main\AndroidManifest.xml:75:13-82:29
127                <action android:name="android.intent.action.VIEW" />
127-->src\main\AndroidManifest.xml:76:17-69
127-->src\main\AndroidManifest.xml:76:25-66
128
129                <category android:name="android.intent.category.DEFAULT" />
129-->src\main\AndroidManifest.xml:77:17-76
129-->src\main\AndroidManifest.xml:77:27-73
130
131                <data
131-->src\main\AndroidManifest.xml:78:17-81:49
132                    android:host="antimine"
132-->src\main\AndroidManifest.xml:80:21-44
133                    android:pathPrefix="/game"
133-->src\main\AndroidManifest.xml:81:21-47
134                    android:scheme="app" />
134-->src\main\AndroidManifest.xml:79:21-41
135            </intent-filter>
136        </activity>
137        <activity
137-->src\main\AndroidManifest.xml:85:9-103:20
138            android:name="dev.lucasnlm.antimine.main.MainActivity"
138-->src\main\AndroidManifest.xml:86:13-46
139            android:exported="true"
139-->src\main\AndroidManifest.xml:87:13-36
140            android:icon="@mipmap/ic_launcher"
140-->src\main\AndroidManifest.xml:88:13-47
141            android:launchMode="singleTop"
141-->src\main\AndroidManifest.xml:89:13-43
142            android:roundIcon="@mipmap/ic_launcher_round"
142-->src\main\AndroidManifest.xml:90:13-58
143            android:saveEnabled="false"
143-->src\main\AndroidManifest.xml:91:13-40
144            android:theme="@style/AppTheme" >
144-->src\main\AndroidManifest.xml:92:13-44
145            <intent-filter>
145-->src\main\AndroidManifest.xml:99:13-102:29
146                <action android:name="android.intent.action.MAIN" />
146-->src\main\AndroidManifest.xml:100:17-69
146-->src\main\AndroidManifest.xml:100:25-66
147
148                <category android:name="android.intent.category.LAUNCHER" />
148-->src\main\AndroidManifest.xml:101:17-77
148-->src\main\AndroidManifest.xml:101:27-74
149            </intent-filter>
150        </activity>
151        <activity
151-->src\main\AndroidManifest.xml:105:9-108:47
152            android:name="dev.lucasnlm.antimine.stats.StatsActivity"
152-->src\main\AndroidManifest.xml:106:13-69
153            android:label="@string/events"
153-->src\main\AndroidManifest.xml:107:13-43
154            android:theme="@style/AppTheme" />
154-->src\main\AndroidManifest.xml:108:13-44
155        <activity
155-->src\main\AndroidManifest.xml:110:9-112:54
156            android:name="dev.lucasnlm.antimine.history.HistoryActivity"
156-->src\main\AndroidManifest.xml:111:13-73
157            android:label="@string/previous_games" />
157-->src\main\AndroidManifest.xml:112:13-51
158        <activity
158-->src\main\AndroidManifest.xml:114:9-116:48
159            android:name="dev.lucasnlm.antimine.l10n.LocalizationActivity"
159-->src\main\AndroidManifest.xml:115:13-75
160            android:label="@string/language" />
160-->src\main\AndroidManifest.xml:116:13-45
161        <activity
161-->src\main\AndroidManifest.xml:118:9-120:48
162            android:name="dev.lucasnlm.antimine.preferences.PreferencesActivity"
162-->src\main\AndroidManifest.xml:119:13-81
163            android:label="@string/settings" />
163-->src\main\AndroidManifest.xml:120:13-45
164
165        <meta-data
165-->src\main\AndroidManifest.xml:122:9-123:58
166            android:name="com.android.automotive"
166-->src\main\AndroidManifest.xml:122:20-57
167            android:resource="@xml/automotive_app_desc" />
167-->src\main\AndroidManifest.xml:123:13-56
168
169        <provider
170            android:name="androidx.core.content.FileProvider"
170-->src\main\AndroidManifest.xml:126:13-62
171            android:authorities="dev.lucasnlm.antimine.provider"
171-->src\main\AndroidManifest.xml:127:13-60
172            android:exported="false"
172-->src\main\AndroidManifest.xml:128:13-37
173            android:grantUriPermissions="true" >
173-->src\main\AndroidManifest.xml:129:13-47
174            <meta-data
174-->src\main\AndroidManifest.xml:131:13-133:54
175                android:name="android.support.FILE_PROVIDER_PATHS"
175-->src\main\AndroidManifest.xml:132:17-67
176                android:resource="@xml/file_paths" />
176-->src\main\AndroidManifest.xml:133:17-51
177        </provider>
178
179        <meta-data
179-->[:proprietary] AndroidManifest.xml:14:9-16:43
180            android:name="com.bugsnag.android.API_KEY"
180-->[:proprietary] AndroidManifest.xml:15:13-55
181            android:value="BUGSNAP-KEY" />
181-->[:proprietary] AndroidManifest.xml:16:13-40
182        <meta-data
182-->[:proprietary] AndroidManifest.xml:17:9-19:46
183            android:name="com.google.android.gms.games.APP_ID"
183-->[:proprietary] AndroidManifest.xml:18:13-63
184            android:value="@string/app_id" />
184-->[:proprietary] AndroidManifest.xml:19:13-43
185        <meta-data
185-->[:proprietary] AndroidManifest.xml:20:9-22:69
186            android:name="com.google.android.gms.version"
186-->[:proprietary] AndroidManifest.xml:21:13-58
187            android:value="@integer/google_play_services_version" />
187-->[:proprietary] AndroidManifest.xml:22:13-66
188        <meta-data
188-->[:proprietary] AndroidManifest.xml:23:9-25:70
189            android:name="com.google.android.gms.ads.APPLICATION_ID"
189-->[:proprietary] AndroidManifest.xml:24:13-69
190            android:value="ca-app-pub-3940256099942544~3347511713" />
190-->[:proprietary] AndroidManifest.xml:25:13-67
191
192        <activity
192-->[:about] AndroidManifest.xml:8:9-11:47
193            android:name="dev.lucasnlm.antimine.about.AboutActivity"
193-->[:about] AndroidManifest.xml:9:13-69
194            android:label="@string/about"
194-->[:about] AndroidManifest.xml:10:13-42
195            android:theme="@style/AppTheme" />
195-->[:about] AndroidManifest.xml:11:13-44
196        <activity
196-->[:about] AndroidManifest.xml:12:9-15:47
197            android:name="dev.lucasnlm.antimine.licenses.LicenseActivity"
197-->[:about] AndroidManifest.xml:13:13-74
198            android:label="@string/licenses"
198-->[:about] AndroidManifest.xml:14:13-45
199            android:theme="@style/AppTheme" />
199-->[:about] AndroidManifest.xml:15:13-44
200        <activity
200-->[:themes] AndroidManifest.xml:8:9-11:47
201            android:name="dev.lucasnlm.antimine.themes.ThemeActivity"
201-->[:themes] AndroidManifest.xml:9:13-70
202            android:label="@string/themes"
202-->[:themes] AndroidManifest.xml:10:13-43
203            android:theme="@style/AppTheme" />
203-->[:themes] AndroidManifest.xml:11:13-44
204        <activity
204-->[:tutorial] AndroidManifest.xml:8:9-11:47
205            android:name="dev.lucasnlm.antimine.tutorial.TutorialActivity"
205-->[:tutorial] AndroidManifest.xml:9:13-75
206            android:label="@string/themes"
206-->[:tutorial] AndroidManifest.xml:10:13-43
207            android:theme="@style/AppTheme" />
207-->[:tutorial] AndroidManifest.xml:11:13-44
208        <activity android:name="dev.lucasnlm.antimine.control.ControlActivity" />
208-->[:control] AndroidManifest.xml:10:9-82
208-->[:control] AndroidManifest.xml:10:19-79
209        <activity
209-->[com.google.android.gms:play-services-auth:21.2.0] AndroidManifest.xml:23:9-27:75
210            android:name="com.google.android.gms.auth.api.signin.internal.SignInHubActivity"
210-->[com.google.android.gms:play-services-auth:21.2.0] AndroidManifest.xml:24:13-93
211            android:excludeFromRecents="true"
211-->[com.google.android.gms:play-services-auth:21.2.0] AndroidManifest.xml:25:13-46
212            android:exported="false"
212-->[com.google.android.gms:play-services-auth:21.2.0] AndroidManifest.xml:26:13-37
213            android:theme="@android:style/Theme.Translucent.NoTitleBar" />
213-->[com.google.android.gms:play-services-auth:21.2.0] AndroidManifest.xml:27:13-72
214        <!--
215            Service handling Google Sign-In user revocation. For apps that do not integrate with
216            Google Sign-In, this service will never be started.
217        -->
218        <service
218-->[com.google.android.gms:play-services-auth:21.2.0] AndroidManifest.xml:33:9-37:51
219            android:name="com.google.android.gms.auth.api.signin.RevocationBoundService"
219-->[com.google.android.gms:play-services-auth:21.2.0] AndroidManifest.xml:34:13-89
220            android:exported="true"
220-->[com.google.android.gms:play-services-auth:21.2.0] AndroidManifest.xml:35:13-36
221            android:permission="com.google.android.gms.auth.api.signin.permission.REVOCATION_NOTIFICATION"
221-->[com.google.android.gms:play-services-auth:21.2.0] AndroidManifest.xml:36:13-107
222            android:visibleToInstantApps="true" />
222-->[com.google.android.gms:play-services-auth:21.2.0] AndroidManifest.xml:37:13-48
223
224        <meta-data
224-->[com.android.billingclient:billing:7.0.0] AndroidManifest.xml:19:9-21:37
225            android:name="com.google.android.play.billingclient.version"
225-->[com.android.billingclient:billing:7.0.0] AndroidManifest.xml:20:13-73
226            android:value="7.0.0" />
226-->[com.android.billingclient:billing:7.0.0] AndroidManifest.xml:21:13-34
227
228        <activity
228-->[com.android.billingclient:billing:7.0.0] AndroidManifest.xml:23:9-27:75
229            android:name="com.android.billingclient.api.ProxyBillingActivity"
229-->[com.android.billingclient:billing:7.0.0] AndroidManifest.xml:24:13-78
230            android:configChanges="keyboard|keyboardHidden|screenLayout|screenSize|orientation"
230-->[com.android.billingclient:billing:7.0.0] AndroidManifest.xml:25:13-96
231            android:exported="false"
231-->[com.android.billingclient:billing:7.0.0] AndroidManifest.xml:26:13-37
232            android:theme="@android:style/Theme.Translucent.NoTitleBar" />
232-->[com.android.billingclient:billing:7.0.0] AndroidManifest.xml:27:13-72
233        <activity
233-->[com.android.billingclient:billing:7.0.0] AndroidManifest.xml:28:9-32:75
234            android:name="com.android.billingclient.api.ProxyBillingActivityV2"
234-->[com.android.billingclient:billing:7.0.0] AndroidManifest.xml:29:13-80
235            android:configChanges="keyboard|keyboardHidden|screenLayout|screenSize|orientation"
235-->[com.android.billingclient:billing:7.0.0] AndroidManifest.xml:30:13-96
236            android:exported="false"
236-->[com.android.billingclient:billing:7.0.0] AndroidManifest.xml:31:13-37
237            android:theme="@android:style/Theme.Translucent.NoTitleBar" />
237-->[com.android.billingclient:billing:7.0.0] AndroidManifest.xml:32:13-72
238        <activity
238-->[com.google.android.gms:play-services-base:18.5.0] AndroidManifest.xml:5:9-173
239            android:name="com.google.android.gms.common.api.GoogleApiActivity"
239-->[com.google.android.gms:play-services-base:18.5.0] AndroidManifest.xml:5:19-85
240            android:exported="false"
240-->[com.google.android.gms:play-services-base:18.5.0] AndroidManifest.xml:5:146-170
241            android:theme="@android:style/Theme.Translucent.NoTitleBar" />
241-->[com.google.android.gms:play-services-base:18.5.0] AndroidManifest.xml:5:86-145
242
243        <provider
243-->[androidx.emoji2:emoji2:1.3.0] AndroidManifest.xml:24:9-32:20
244            android:name="androidx.startup.InitializationProvider"
244-->[androidx.emoji2:emoji2:1.3.0] AndroidManifest.xml:25:13-67
245            android:authorities="dev.lucasnlm.antimine.androidx-startup"
245-->[androidx.emoji2:emoji2:1.3.0] AndroidManifest.xml:26:13-68
246            android:exported="false" >
246-->[androidx.emoji2:emoji2:1.3.0] AndroidManifest.xml:27:13-37
247            <meta-data
247-->[androidx.emoji2:emoji2:1.3.0] AndroidManifest.xml:29:13-31:52
248                android:name="androidx.emoji2.text.EmojiCompatInitializer"
248-->[androidx.emoji2:emoji2:1.3.0] AndroidManifest.xml:30:17-75
249                android:value="androidx.startup" />
249-->[androidx.emoji2:emoji2:1.3.0] AndroidManifest.xml:31:17-49
250            <meta-data
250-->[androidx.work:work-runtime:2.7.0] AndroidManifest.xml:36:13-38:52
251                android:name="androidx.work.WorkManagerInitializer"
251-->[androidx.work:work-runtime:2.7.0] AndroidManifest.xml:37:17-68
252                android:value="androidx.startup" />
252-->[androidx.work:work-runtime:2.7.0] AndroidManifest.xml:38:17-49
253            <meta-data
253-->[androidx.lifecycle:lifecycle-process:2.8.3] AndroidManifest.xml:29:13-31:52
254                android:name="androidx.lifecycle.ProcessLifecycleInitializer"
254-->[androidx.lifecycle:lifecycle-process:2.8.3] AndroidManifest.xml:30:17-78
255                android:value="androidx.startup" />
255-->[androidx.lifecycle:lifecycle-process:2.8.3] AndroidManifest.xml:31:17-49
256            <meta-data
256-->[androidx.profileinstaller:profileinstaller:1.3.1] AndroidManifest.xml:29:13-31:52
257                android:name="androidx.profileinstaller.ProfileInstallerInitializer"
257-->[androidx.profileinstaller:profileinstaller:1.3.1] AndroidManifest.xml:30:17-85
258                android:value="androidx.startup" />
258-->[androidx.profileinstaller:profileinstaller:1.3.1] AndroidManifest.xml:31:17-49
259        </provider>
260
261        <uses-library
261-->[androidx.privacysandbox.ads:ads-adservices:1.0.0-beta05] AndroidManifest.xml:23:9-25:40
262            android:name="android.ext.adservices"
262-->[androidx.privacysandbox.ads:ads-adservices:1.0.0-beta05] AndroidManifest.xml:24:13-50
263            android:required="false" /> <!-- Include the AdActivity and InAppPurchaseActivity configChanges and themes. -->
263-->[androidx.privacysandbox.ads:ads-adservices:1.0.0-beta05] AndroidManifest.xml:25:13-37
264        <activity
264-->[com.google.android.gms:play-services-ads-lite:23.2.0] AndroidManifest.xml:56:9-61:43
265            android:name="com.google.android.gms.ads.AdActivity"
265-->[com.google.android.gms:play-services-ads-lite:23.2.0] AndroidManifest.xml:57:13-65
266            android:configChanges="keyboard|keyboardHidden|orientation|screenLayout|uiMode|screenSize|smallestScreenSize"
266-->[com.google.android.gms:play-services-ads-lite:23.2.0] AndroidManifest.xml:58:13-122
267            android:exported="false"
267-->[com.google.android.gms:play-services-ads-lite:23.2.0] AndroidManifest.xml:59:13-37
268            android:theme="@android:style/Theme.Translucent" />
268-->[com.google.android.gms:play-services-ads-lite:23.2.0] AndroidManifest.xml:60:13-61
269
270        <provider
270-->[com.google.android.gms:play-services-ads-lite:23.2.0] AndroidManifest.xml:63:9-68:43
271            android:name="com.google.android.gms.ads.MobileAdsInitProvider"
271-->[com.google.android.gms:play-services-ads-lite:23.2.0] AndroidManifest.xml:64:13-76
272            android:authorities="dev.lucasnlm.antimine.mobileadsinitprovider"
272-->[com.google.android.gms:play-services-ads-lite:23.2.0] AndroidManifest.xml:65:13-73
273            android:exported="false"
273-->[com.google.android.gms:play-services-ads-lite:23.2.0] AndroidManifest.xml:66:13-37
274            android:initOrder="100" />
274-->[com.google.android.gms:play-services-ads-lite:23.2.0] AndroidManifest.xml:67:13-36
275
276        <service
276-->[com.google.android.gms:play-services-ads-lite:23.2.0] AndroidManifest.xml:70:9-74:43
277            android:name="com.google.android.gms.ads.AdService"
277-->[com.google.android.gms:play-services-ads-lite:23.2.0] AndroidManifest.xml:71:13-64
278            android:enabled="true"
278-->[com.google.android.gms:play-services-ads-lite:23.2.0] AndroidManifest.xml:72:13-35
279            android:exported="false" />
279-->[com.google.android.gms:play-services-ads-lite:23.2.0] AndroidManifest.xml:73:13-37
280
281        <activity
281-->[com.google.android.gms:play-services-ads-lite:23.2.0] AndroidManifest.xml:76:9-80:43
282            android:name="com.google.android.gms.ads.OutOfContextTestingActivity"
282-->[com.google.android.gms:play-services-ads-lite:23.2.0] AndroidManifest.xml:77:13-82
283            android:configChanges="keyboard|keyboardHidden|orientation|screenLayout|uiMode|screenSize|smallestScreenSize"
283-->[com.google.android.gms:play-services-ads-lite:23.2.0] AndroidManifest.xml:78:13-122
284            android:exported="false" />
284-->[com.google.android.gms:play-services-ads-lite:23.2.0] AndroidManifest.xml:79:13-37
285        <activity
285-->[com.google.android.gms:play-services-ads-lite:23.2.0] AndroidManifest.xml:81:9-88:43
286            android:name="com.google.android.gms.ads.NotificationHandlerActivity"
286-->[com.google.android.gms:play-services-ads-lite:23.2.0] AndroidManifest.xml:82:13-82
287            android:excludeFromRecents="true"
287-->[com.google.android.gms:play-services-ads-lite:23.2.0] AndroidManifest.xml:83:13-46
288            android:exported="false"
288-->[com.google.android.gms:play-services-ads-lite:23.2.0] AndroidManifest.xml:84:13-37
289            android:launchMode="singleTask"
289-->[com.google.android.gms:play-services-ads-lite:23.2.0] AndroidManifest.xml:85:13-44
290            android:taskAffinity=""
290-->[com.google.android.gms:play-services-ads-lite:23.2.0] AndroidManifest.xml:86:13-36
291            android:theme="@android:style/Theme.Translucent.NoTitleBar" />
291-->[com.google.android.gms:play-services-ads-lite:23.2.0] AndroidManifest.xml:87:13-72
292
293        <property
293-->[com.google.android.gms:play-services-ads-lite:23.2.0] AndroidManifest.xml:90:9-92:62
294            android:name="android.adservices.AD_SERVICES_CONFIG"
294-->[com.google.android.gms:play-services-ads-lite:23.2.0] AndroidManifest.xml:91:13-65
295            android:resource="@xml/gma_ad_services_config" />
295-->[com.google.android.gms:play-services-ads-lite:23.2.0] AndroidManifest.xml:92:13-59
296
297        <service
297-->[androidx.work:work-runtime:2.7.0] AndroidManifest.xml:41:9-46:35
298            android:name="androidx.work.impl.background.systemalarm.SystemAlarmService"
298-->[androidx.work:work-runtime:2.7.0] AndroidManifest.xml:42:13-88
299            android:directBootAware="false"
299-->[androidx.work:work-runtime:2.7.0] AndroidManifest.xml:43:13-44
300            android:enabled="@bool/enable_system_alarm_service_default"
300-->[androidx.work:work-runtime:2.7.0] AndroidManifest.xml:44:13-72
301            android:exported="false" />
301-->[androidx.work:work-runtime:2.7.0] AndroidManifest.xml:45:13-37
302        <service
302-->[androidx.work:work-runtime:2.7.0] AndroidManifest.xml:47:9-53:35
303            android:name="androidx.work.impl.background.systemjob.SystemJobService"
303-->[androidx.work:work-runtime:2.7.0] AndroidManifest.xml:48:13-84
304            android:directBootAware="false"
304-->[androidx.work:work-runtime:2.7.0] AndroidManifest.xml:49:13-44
305            android:enabled="@bool/enable_system_job_service_default"
305-->[androidx.work:work-runtime:2.7.0] AndroidManifest.xml:50:13-70
306            android:exported="true"
306-->[androidx.work:work-runtime:2.7.0] AndroidManifest.xml:51:13-36
307            android:permission="android.permission.BIND_JOB_SERVICE" />
307-->[androidx.work:work-runtime:2.7.0] AndroidManifest.xml:52:13-69
308        <service
308-->[androidx.work:work-runtime:2.7.0] AndroidManifest.xml:54:9-59:35
309            android:name="androidx.work.impl.foreground.SystemForegroundService"
309-->[androidx.work:work-runtime:2.7.0] AndroidManifest.xml:55:13-81
310            android:directBootAware="false"